c:\users\c00217112\downloads\primitives-display-list-dylan-curran-master\primitives-display-list-dylan-curran-master\primitives-display-list-dylan-curran\sfmlopengl\debug\vc141.pdb
c:\users\c00217112\downloads\primitives-display-list-dylan-curran-master\primitives-display-list-dylan-curran-master\primitives-display-list-dylan-curran\sfmlopengl\debug\vc141.idb
c:\users\c00217112\downloads\primitives-display-list-dylan-curran-master\primitives-display-list-dylan-curran-master\primitives-display-list-dylan-curran\sfmlopengl\debug\game.obj
c:\users\c00217112\downloads\primitives-display-list-dylan-curran-master\primitives-display-list-dylan-curran-master\primitives-display-list-dylan-curran\sfmlopengl\debug\main.obj
c:\users\c00217112\desktop\primitives-display-list-dylan-curran-master\primitives-display-list-dylan-curran-master\primitives-display-list-dylan-curran-master\primitives-display-list-dylan-curran\sfmlopengl\debug\vc141.pdb
c:\users\c00217112\desktop\primitives-display-list-dylan-curran-master\primitives-display-list-dylan-curran-master\primitives-display-list-dylan-curran-master\primitives-display-list-dylan-curran\sfmlopengl\debug\vc141.idb
c:\users\c00217112\desktop\primitives-display-list-dylan-curran-master\primitives-display-list-dylan-curran-master\primitives-display-list-dylan-curran-master\primitives-display-list-dylan-curran\sfmlopengl\debug\game.obj
c:\users\c00217112\desktop\primitives-display-list-dylan-curran-master\primitives-display-list-dylan-curran-master\primitives-display-list-dylan-curran-master\primitives-display-list-dylan-curran\sfmlopengl\debug\main.obj
c:\users\c00217112\downloads\primitives-display-list-dylan-curran-master\primitives-display-list-dylan-curran-master\primitives-display-list-dylan-curran\debug\sfmlopengl.ilk
c:\users\c00217112\downloads\primitives-display-list-dylan-curran-master\primitives-display-list-dylan-curran-master\primitives-display-list-dylan-curran\debug\sfmlopengl.exe
c:\users\c00217112\downloads\primitives-display-list-dylan-curran-master\primitives-display-list-dylan-curran-master\primitives-display-list-dylan-curran\debug\sfmlopengl.pdb
c:\users\c00217112\desktop\primitives-display-list-dylan-curran-master\primitives-display-list-dylan-curran-master\primitives-display-list-dylan-curran-master\primitives-display-list-dylan-curran\debug\sfmlopengl.ilk
c:\users\c00217112\desktop\primitives-display-list-dylan-curran-master\primitives-display-list-dylan-curran-master\primitives-display-list-dylan-curran-master\primitives-display-list-dylan-curran\debug\sfmlopengl.exe
c:\users\c00217112\desktop\primitives-display-list-dylan-curran-master\primitives-display-list-dylan-curran-master\primitives-display-list-dylan-curran-master\primitives-display-list-dylan-curran\debug\sfmlopengl.pdb
c:\users\c00217112\desktop\primitives-display-list-dylan-curran-master\primitives-display-list-dylan-curran-master\primitives-display-list-dylan-curran-master\primitives-display-list-dylan-curran\sfmlopengl\debug\sfmlopengl.tlog\cl.command.1.tlog
c:\users\c00217112\desktop\primitives-display-list-dylan-curran-master\primitives-display-list-dylan-curran-master\primitives-display-list-dylan-curran-master\primitives-display-list-dylan-curran\sfmlopengl\debug\sfmlopengl.tlog\cl.read.1.tlog
c:\users\c00217112\desktop\primitives-display-list-dylan-curran-master\primitives-display-list-dylan-curran-master\primitives-display-list-dylan-curran-master\primitives-display-list-dylan-curran\sfmlopengl\debug\sfmlopengl.tlog\cl.write.1.tlog
c:\users\c00217112\desktop\primitives-display-list-dylan-curran-master\primitives-display-list-dylan-curran-master\primitives-display-list-dylan-curran-master\primitives-display-list-dylan-curran\sfmlopengl\debug\sfmlopengl.tlog\link.command.1.tlog
c:\users\c00217112\desktop\primitives-display-list-dylan-curran-master\primitives-display-list-dylan-curran-master\primitives-display-list-dylan-curran-master\primitives-display-list-dylan-curran\sfmlopengl\debug\sfmlopengl.tlog\link.read.1.tlog
c:\users\c00217112\desktop\primitives-display-list-dylan-curran-master\primitives-display-list-dylan-curran-master\primitives-display-list-dylan-curran-master\primitives-display-list-dylan-curran\sfmlopengl\debug\sfmlopengl.tlog\link.write.1.tlog
